<?xml version="1.0" encoding="UTF-8"?>
<testng-results ignored="0" total="1" passed="1" failed="0" skipped="0">
  <reporter-output>
  </reporter-output>
  <suite started-at="2023-03-31T21:31:30 IST" name="Default suite" finished-at="2023-03-31T21:32:16 IST" duration-ms="46546">
    <groups>
      <group name="cucumber">
        <method signature="AbstractTestNGCucumberTests.runScenario(io.cucumber.testng.PickleWrapper,io.cucumber.testng.FeatureWrapper)[pri:0, instance:MyRunner.SwaglagRunner_testNg@2ddc9a9f]" name="runScenario" class="io.cucumber.testng.AbstractTestNGCucumberTests"/>
      </group> <!-- cucumber -->
    </groups>
    <test started-at="2023-03-31T21:31:30 IST" name="Default test" finished-at="2023-03-31T21:32:16 IST" duration-ms="46546">
      <class name="MyRunner.SwaglagRunner_testNg">
        <test-method is-config="true" signature="setUpClass(org.testng.ITestContext)[pri:0, instance:MyRunner.SwaglagRunner_testNg@2ddc9a9f]" started-at="2023-03-31T21:31:30 IST" name="setUpClass" finished-at="2023-03-31T21:31:31 IST" duration-ms="1782" status="PASS">
          <params>
            <param index="0">
              <value>
                <![CDATA[org.testng.TestRunner@66238be2]]>
              </value>
            </param>
          </params>
          <reporter-output>
          </reporter-output>
        </test-method> <!-- setUpClass -->
        <test-method signature="runScenario(io.cucumber.testng.PickleWrapper,io.cucumber.testng.FeatureWrapper)[pri:0, instance:MyRunner.SwaglagRunner_testNg@2ddc9a9f]" started-at="2023-03-31T21:31:31 IST" name="runScenario" description="Runs Cucumber Scenarios" data-provider="scenarios" finished-at="2023-03-31T21:32:16 IST" duration-ms="44481" status="PASS">
          <params>
            <param index="0">
              <value>
                <![CDATA["Login with multiple users"]]>
              </value>
            </param>
            <param index="1">
              <value>
                <![CDATA["login feature"]]>
              </value>
            </param>
          </params>
          <reporter-output>
          </reporter-output>
        </test-method> <!-- runScenario -->
        <test-method is-config="true" signature="tearDownClass()[pri:0, instance:MyRunner.SwaglagRunner_testNg@2ddc9a9f]" started-at="2023-03-31T21:32:16 IST" name="tearDownClass" finished-at="2023-03-31T21:32:16 IST" duration-ms="142" status="PASS">
          <reporter-output>
          </reporter-output>
        </test-method> <!-- tearDownClass -->
      </class> <!-- MyRunner.SwaglagRunner_testNg -->
    </test> <!-- Default test -->
  </suite> <!-- Default suite -->
</testng-results>
